生成启动时间为 2016/3/11 13:23:14。
     1>项目“F:\WC\WC\WC.vcxproj”在节点 2 上(build 个目标)。
     1>PrepareForBuild:
         正在创建目录“F:\WC\Debug\”。
       InitializeBuildStatus:
         正在创建“Debug\WC.unsuccessfulbuild”，因为已指定“AlwaysCreate”。
       ClCompile:
         F:\新建文件夹 (2)\VC\bin\CL.exe /c /ZI /nologo /W3 /WX- /Od /Oy- /D WIN32 /D _DEBUG /D _CONSOLE /D _UNICODE /D UNICODE /Gm /EHsc /RTC1 /MDd /GS /fp:precise /Zc:wchar_t /Zc:forScope /Yc"StdAfx.h" /Fp"Debug\WC.pch" /Fo"Debug\\" /Fd"Debug\vc100.pdb" /Gd /TP /analyze- /errorReport:prompt stdafx.cpp
         stdafx.cpp
         F:\新建文件夹 (2)\VC\bin\CL.exe /c /ZI /nologo /W3 /WX- /Od /Oy- /D WIN32 /D _DEBUG /D _CONSOLE /D _UNICODE /D UNICODE /Gm /EHsc /RTC1 /MDd /GS /fp:precise /Zc:wchar_t /Zc:forScope /Yu"StdAfx.h" /Fp"Debug\WC.pch" /Fo"Debug\\" /Fd"Debug\vc100.pdb" /Gd /TP /analyze- /errorReport:prompt WC.cpp
         WC.cpp
     1>f:\wc\wc\wc.cpp(13): warning C4996: 'scanf': This function or variable may be unsafe. Consider using scanf_s instead. To disable deprecation, use _CRT_SECURE_NO_WARNINGS. See online help for details.
                 f:\新建文件夹 (2)\vc\include\stdio.h(304) : 参见“scanf”的声明
     1>f:\wc\wc\wc.cpp(38): warning C4996: 'fopen': This function or variable may be unsafe. Consider using fopen_s instead. To disable deprecation, use _CRT_SECURE_NO_WARNINGS. See online help for details.
                 f:\新建文件夹 (2)\vc\include\stdio.h(234) : 参见“fopen”的声明
       ManifestResourceCompile:
         C:\Program Files (x86)\Microsoft SDKs\Windows\v7.0A\bin\rc.exe /nologo /fo"Debug\WC.exe.embed.manifest.res" Debug\WC_manifest.rc 
       Link:
         F:\新建文件夹 (2)\VC\bin\link.exe /ERRORREPORT:PROMPT /OUT:"F:\WC\Debug\WC.exe" /INCREMENTAL /NOLOGO kernel32.lib user32.lib gdi32.lib winspool.lib comdlg32.lib advapi32.lib shell32.lib ole32.lib oleaut32.lib uuid.lib odbc32.lib odbccp32.lib /MANIFEST /ManifestFile:"Debug\WC.exe.intermediate.manifest" /MANIFESTUAC:"level='asInvoker' uiAccess='false'" /DEBUG /PDB:"F:\WC\Debug\WC.pdb" /SUBSYSTEM:CONSOLE /TLBID:1 /DYNAMICBASE /NXCOMPAT /IMPLIB:"F:\WC\Debug\WC.lib" /MACHINE:X86 Debug\WC.exe.embed.manifest.res
         Debug\stdafx.obj
         Debug\WC.obj
       Manifest:
         C:\Program Files (x86)\Microsoft SDKs\Windows\v7.0A\bin\mt.exe /nologo /verbose /out:"Debug\WC.exe.embed.manifest" /manifest Debug\WC.exe.intermediate.manifest
         C:\Program Files (x86)\Microsoft SDKs\Windows\v7.0A\bin\rc.exe /nologo /fo"Debug\WC.exe.embed.manifest.res" Debug\WC_manifest.rc 
       LinkEmbedManifest:
         F:\新建文件夹 (2)\VC\bin\link.exe /ERRORREPORT:PROMPT /OUT:"F:\WC\Debug\WC.exe" /INCREMENTAL /NOLOGO kernel32.lib user32.lib gdi32.lib winspool.lib comdlg32.lib advapi32.lib shell32.lib ole32.lib oleaut32.lib uuid.lib odbc32.lib odbccp32.lib /MANIFEST /ManifestFile:"Debug\WC.exe.intermediate.manifest" /MANIFESTUAC:"level='asInvoker' uiAccess='false'" /DEBUG /PDB:"F:\WC\Debug\WC.pdb" /SUBSYSTEM:CONSOLE /TLBID:1 /DYNAMICBASE /NXCOMPAT /IMPLIB:"F:\WC\Debug\WC.lib" /MACHINE:X86 Debug\WC.exe.embed.manifest.res
         Debug\stdafx.obj
         Debug\WC.obj
         WC.vcxproj -> F:\WC\Debug\WC.exe
       FinalizeBuildStatus:
         正在删除文件“Debug\WC.unsuccessfulbuild”。
         正在对“Debug\WC.lastbuildstate”执行 Touch 任务。
     1>已完成生成项目“F:\WC\WC\WC.vcxproj”(build 个目标)的操作。

生成成功。

已用时间 00:00:06.92
